driver_app/build/app/intermediates/manifest_merge_blame_file/debug/manifest-merger-blame-debug-report.txt
1<?xml version="1.0" encoding="utf-8"?>
2<manifest xmlns:android="http://schemas.android.com/apk/res/android"
3    package="com.parivahan.driversapp"
4    android:versionCode="1"
5    android:versionName="1.0.0" >
6
7    <uses-sdk
8        android:minSdkVersion="20"
9        android:targetSdkVersion="31" />
10    <!--
11         The INTERNET permission is required for development. Specifically,
12         the Flutter tool needs it to communicate with the running application
13         to allow setting breakpoints, to provide hot reload, etc.
14    -->
15    <uses-permission android:name="android.permission.INTERNET" />
15-->src\debug\AndroidManifest.xml:7:5-66
15-->src\debug\AndroidManifest.xml:7:22-64
16    <uses-permission android:name="android.permission.ACCESS_FINE_LOCATION" />
16-->src\main\AndroidManifest.xml:5:5-79
16-->src\main\AndroidManifest.xml:5:22-76
17    <uses-permission android:name="android.permission.ACCESS_COARSE_LOCATION" />
17-->src\main\AndroidManifest.xml:6:5-81
17-->src\main\AndroidManifest.xml:6:22-78
18    <uses-permission android:name="android.permission.WAKE_LOCK" />
18-->[:firebase_messaging] AndroidManifest.xml:10:5-68
18-->[:firebase_messaging] AndroidManifest.xml:10:22-65
19    <uses-permission android:name="android.permission.ACCESS_NETWORK_STATE" /> <!-- Permissions options for the `notification` group -->
19-->[:firebase_messaging] AndroidManifest.xml:11:5-79
19-->[:firebase_messaging] AndroidManifest.xml:11:22-76
20    <uses-permission android:name="android.permission.POST_NOTIFICATIONS" />
20-->[:firebase_messaging] AndroidManifest.xml:13:5-77
20-->[:firebase_messaging] AndroidManifest.xml:13:22-74
21    <uses-permission android:name="android.permission.FOREGROUND_SERVICE" />
21-->[:geolocator_android] AndroidManifest.xml:9:5-77
21-->[:geolocator_android] AndroidManifest.xml:9:22-74
22    <uses-permission android:name="android.permission.VIBRATE" />
22-->[:assets_audio_player] AndroidManifest.xml:10:5-66
22-->[:assets_audio_player] AndroidManifest.xml:10:22-63
23    <uses-permission android:name="android.permission.WRITE_EXTERNAL_STORAGE" />
24    <uses-permission android:name="android.permission.READ_PHONE_STATE" />
25    <uses-permission android:name="android.permission.READ_EXTERNAL_STORAGE" /> <!-- Required by older versions of Google Play services to create IID tokens -->
26    <uses-permission android:name="com.google.android.c2dm.permission.RECEIVE" />
26-->[com.google.firebase:firebase-iid:21.1.0] AndroidManifest.xml:26:5-82
26-->[com.google.firebase:firebase-iid:21.1.0] AndroidManifest.xml:26:22-79
27
28    <uses-feature
28-->[com.google.android.gms:play-services-maps:18.1.0] AndroidManifest.xml:26:5-28:35
29        android:glEsVersion="0x00020000"
29-->[com.google.android.gms:play-services-maps:18.1.0] AndroidManifest.xml:27:9-41
30        android:required="true" />
30-->[com.google.android.gms:play-services-maps:18.1.0] AndroidManifest.xml:28:9-32
31
32    <queries>
32-->[com.google.android.gms:play-services-maps:18.1.0] AndroidManifest.xml:30:5-34:15
33
34        <!-- Needs to be explicitly declared on Android R+ -->
35        <package android:name="com.google.android.apps.maps" />
35-->[com.google.android.gms:play-services-maps:18.1.0] AndroidManifest.xml:33:9-64
35-->[com.google.android.gms:play-services-maps:18.1.0] AndroidManifest.xml:33:18-61
36    </queries>
37
38    <application
39        android:name="android.app.Application"
40        android:appComponentFactory="androidx.core.app.CoreComponentFactory"
40-->[androidx.core:core:1.8.0] AndroidManifest.xml:24:18-86
41        android:debuggable="true"
42        android:icon="@mipmap/ic_launcher"
43        android:label="driver_app" >
44        <activity
45            android:name="com.parivahan.driver_app.MainActivity"
46            android:configChanges="orientation|keyboardHidden|keyboard|screenSize|smallestScreenSize|locale|layoutDirection|fontScale|screenLayout|density|uiMode"
47            android:exported="true"
48            android:hardwareAccelerated="true"
49            android:launchMode="singleTop"
50            android:theme="@style/LaunchTheme"
51            android:windowSoftInputMode="adjustResize" >
52
53            <!--
54                 Specifies an Android theme to apply to this Activity as soon as
55                 the Android process has started. This theme is visible to the user
56                 while the Flutter UI initializes. After that, this theme continues
57                 to determine the Window background behind the Flutter UI.
58            -->
59            <meta-data
60                android:name="io.flutter.embedding.android.NormalTheme"
61                android:resource="@style/NormalTheme" />
62
63            <intent-filter>
64                <action android:name="android.intent.action.MAIN" />
65
66                <category android:name="android.intent.category.LAUNCHER" />
67            </intent-filter>
68            <intent-filter>
69                <action android:name="FLUTTER_NOTIFICATION_CLICK" />
70
71                <category android:name="android.intent.category.DEFAULT" />
71-->[com.google.firebase:firebase-auth:21.1.0] AndroidManifest.xml:36:17-76
71-->[com.google.firebase:firebase-auth:21.1.0] AndroidManifest.xml:36:27-73
72            </intent-filter>
73        </activity>
74        <!--
75             Don't delete the meta-data below.
76             This is used by the Flutter tool to generate GeneratedPluginRegistrant.java
77        -->
78        <meta-data
79            android:name="flutterEmbedding"
80            android:value="2" />
81        <meta-data
82            android:name="com.google.android.geo.API_KEY"
83            android:value="AIzaSyDgTd72o5vjIN75GIFVeSUwyzA5QPGKJA8" />
84
85        <service
85-->[:firebase_database] AndroidManifest.xml:10:9-14:19
86            android:name="com.google.firebase.components.ComponentDiscoveryService"
86-->[:firebase_database] AndroidManifest.xml:10:18-89
87            android:directBootAware="true"
87-->[com.google.firebase:firebase-common:20.2.0] AndroidManifest.xml:34:13-43
88            android:exported="false" >
88-->[com.google.firebase:firebase-iid:21.1.0] AndroidManifest.xml:31:13-37
89            <meta-data
89-->[:firebase_database] AndroidManifest.xml:11:13-13:85
90                android:name="com.google.firebase.components:io.flutter.plugins.firebase.database.FlutterFirebaseAppRegistrar"
90-->[:firebase_database] AndroidManifest.xml:12:17-127
91                android:value="com.google.firebase.components.ComponentRegistrar" />
91-->[:firebase_database] AndroidManifest.xml:13:17-82
92            <meta-data
92-->[:firebase_auth] AndroidManifest.xml:11:13-13:85
93                android:name="com.google.firebase.components:io.flutter.plugins.firebase.auth.FlutterFirebaseAuthRegistrar"
93-->[:firebase_auth] AndroidManifest.xml:12:17-124
94                android:value="com.google.firebase.components.ComponentRegistrar" />
94-->[:firebase_auth] AndroidManifest.xml:13:17-82
95            <meta-data
95-->[:firebase_messaging] AndroidManifest.xml:38:13-40:85
96                android:name="com.google.firebase.components:io.flutter.plugins.firebase.messaging.FlutterFirebaseAppRegistrar"
96-->[:firebase_messaging] AndroidManifest.xml:39:17-128
97                android:value="com.google.firebase.components.ComponentRegistrar" />
97-->[:firebase_messaging] AndroidManifest.xml:40:17-82
98            <meta-data
98-->[:firebase_core] AndroidManifest.xml:11:13-13:85
99                android:name="com.google.firebase.components:io.flutter.plugins.firebase.core.FlutterFirebaseCoreRegistrar"
99-->[:firebase_core] AndroidManifest.xml:12:17-124
100                android:value="com.google.firebase.components.ComponentRegistrar" />
100-->[:firebase_core] AndroidManifest.xml:13:17-82
101            <meta-data
101-->[com.google.firebase:firebase-iid:21.1.0] AndroidManifest.xml:32:13-34:85
102                android:name="com.google.firebase.components:com.google.firebase.iid.Registrar"
102-->[com.google.firebase:firebase-iid:21.1.0] AndroidManifest.xml:33:17-96
103                android:value="com.google.firebase.components.ComponentRegistrar" />
103-->[com.google.firebase:firebase-iid:21.1.0] AndroidManifest.xml:34:17-82
104            <meta-data
104-->[com.google.firebase:firebase-auth:21.1.0] AndroidManifest.xml:67:13-69:85
105                android:name="com.google.firebase.components:com.google.firebase.auth.FirebaseAuthRegistrar"
105-->[com.google.firebase:firebase-auth:21.1.0] AndroidManifest.xml:68:17-109
106                android:value="com.google.firebase.components.ComponentRegistrar" />
106-->[com.google.firebase:firebase-auth:21.1.0] AndroidManifest.xml:69:17-82
107            <meta-data
107-->[com.google.firebase:firebase-messaging:23.1.0] AndroidManifest.xml:55:13-57:85
108                android:name="com.google.firebase.components:com.google.firebase.messaging.FirebaseMessagingRegistrar"
108-->[com.google.firebase:firebase-messaging:23.1.0] AndroidManifest.xml:56:17-119
109                android:value="com.google.firebase.components.ComponentRegistrar" />
109-->[com.google.firebase:firebase-messaging:23.1.0] AndroidManifest.xml:57:17-82
110            <meta-data
110-->[com.google.firebase:firebase-database:20.1.0] AndroidManifest.xml:31:13-33:85
111                android:name="com.google.firebase.components:com.google.firebase.database.DatabaseRegistrar"
111-->[com.google.firebase:firebase-database:20.1.0] AndroidManifest.xml:32:17-109
112                android:value="com.google.firebase.components.ComponentRegistrar" />
112-->[com.google.firebase:firebase-database:20.1.0] AndroidManifest.xml:33:17-82
113            <meta-data
113-->[com.google.firebase:firebase-installations:17.1.0] AndroidManifest.xml:17:13-19:85
114                android:name="com.google.firebase.components:com.google.firebase.installations.FirebaseInstallationsRegistrar"
114-->[com.google.firebase:firebase-installations:17.1.0] AndroidManifest.xml:18:17-127
115                android:value="com.google.firebase.components.ComponentRegistrar" />
115-->[com.google.firebase:firebase-installations:17.1.0] AndroidManifest.xml:19:17-82
116            <meta-data
116-->[com.google.firebase:firebase-datatransport:18.1.7] AndroidManifest.xml:27:13-29:85
117                android:name="com.google.firebase.components:com.google.firebase.datatransport.TransportRegistrar"
117-->[com.google.firebase:firebase-datatransport:18.1.7] AndroidManifest.xml:28:17-115
118                android:value="com.google.firebase.components.ComponentRegistrar" />
118-->[com.google.firebase:firebase-datatransport:18.1.7] AndroidManifest.xml:29:17-82
119        </service>
120        <service
120-->[:firebase_messaging] AndroidManifest.xml:16:9-19:72
121            android:name="io.flutter.plugins.firebase.messaging.FlutterFirebaseMessagingBackgroundService"
121-->[:firebase_messaging] AndroidManifest.xml:17:13-107
122            android:exported="false"
122-->[:firebase_messaging] AndroidManifest.xml:18:13-37
123            android:permission="android.permission.BIND_JOB_SERVICE" />
123-->[:firebase_messaging] AndroidManifest.xml:19:13-69
124        <service
124-->[:firebase_messaging] AndroidManifest.xml:20:9-26:19
125            android:name="io.flutter.plugins.firebase.messaging.FlutterFirebaseMessagingService"
125-->[:firebase_messaging] AndroidManifest.xml:21:13-97
126            android:exported="false" >
126-->[:firebase_messaging] AndroidManifest.xml:22:13-37
127            <intent-filter>
127-->[:firebase_messaging] AndroidManifest.xml:23:13-25:29
128                <action android:name="com.google.firebase.MESSAGING_EVENT" />
128-->[:firebase_messaging] AndroidManifest.xml:24:17-78
128-->[:firebase_messaging] AndroidManifest.xml:24:25-75
129            </intent-filter>
130        </service>
131
132        <receiver
132-->[:firebase_messaging] AndroidManifest.xml:28:9-35:20
133            android:name="io.flutter.plugins.firebase.messaging.FlutterFirebaseMessagingReceiver"
133-->[:firebase_messaging] AndroidManifest.xml:29:13-98
134            android:exported="true"
134-->[:firebase_messaging] AndroidManifest.xml:30:13-36
135            android:permission="com.google.android.c2dm.permission.SEND" >
135-->[:firebase_messaging] AndroidManifest.xml:31:13-73
136            <intent-filter>
136-->[:firebase_messaging] AndroidManifest.xml:32:13-34:29
137                <action android:name="com.google.android.c2dm.intent.RECEIVE" />
137-->[:firebase_messaging] AndroidManifest.xml:33:17-81
137-->[:firebase_messaging] AndroidManifest.xml:33:25-78
138            </intent-filter>
139        </receiver>
140
141        <provider
141-->[:firebase_messaging] AndroidManifest.xml:43:9-47:38
142            android:name="io.flutter.plugins.firebase.messaging.FlutterFirebaseMessagingInitProvider"
142-->[:firebase_messaging] AndroidManifest.xml:44:13-102
143            android:authorities="com.parivahan.driversapp.flutterfirebasemessaginginitprovider"
143-->[:firebase_messaging] AndroidManifest.xml:45:13-88
144            android:exported="false"
144-->[:firebase_messaging] AndroidManifest.xml:46:13-37
145            android:initOrder="99" />
145-->[:firebase_messaging] AndroidManifest.xml:47:13-35
146
147        <service
147-->[:geolocator_android] AndroidManifest.xml:12:9-16:56
148            android:name="com.baseflow.geolocator.GeolocatorLocationService"
148-->[:geolocator_android] AndroidManifest.xml:13:13-77
149            android:enabled="true"
149-->[:geolocator_android] AndroidManifest.xml:14:13-35
150            android:exported="false"
150-->[:geolocator_android] AndroidManifest.xml:15:13-37
151            android:foregroundServiceType="location" />
151-->[:geolocator_android] AndroidManifest.xml:16:13-53
152
153        <receiver
153-->[:assets_audio_player] AndroidManifest.xml:14:9-16:39
154            android:name="com.github.florent37.assets_audio_player.notification.NotificationActionReceiver"
154-->[:assets_audio_player] AndroidManifest.xml:15:13-108
155            android:exported="true" />
155-->[:assets_audio_player] AndroidManifest.xml:16:13-36
156        <receiver
156-->[:assets_audio_player] AndroidManifest.xml:17:9-23:20
157            android:name="com.github.florent37.assets_audio_player.notification.CustomMediaButtonReceiver"
157-->[:assets_audio_player] AndroidManifest.xml:18:13-107
158            android:exported="true" >
158-->[:assets_audio_player] AndroidManifest.xml:19:13-36
159            <intent-filter>
159-->[:assets_audio_player] AndroidManifest.xml:20:13-22:29
160                <action android:name="android.intent.action.MEDIA_BUTTON" />
160-->[:assets_audio_player] AndroidManifest.xml:21:17-77
160-->[:assets_audio_player] AndroidManifest.xml:21:25-74
161            </intent-filter>
162        </receiver>
163
164        <service
164-->[:assets_audio_player] AndroidManifest.xml:25:9-35:19
165            android:name="com.github.florent37.assets_audio_player.notification.NotificationService"
165-->[:assets_audio_player] AndroidManifest.xml:26:13-101
166            android:enabled="true"
166-->[:assets_audio_player] AndroidManifest.xml:27:13-35
167            android:exported="true" >
167-->[:assets_audio_player] AndroidManifest.xml:28:13-36
168
169            <!--
170            <intent-filter>
171                <action android:name="android.intent.action.MEDIA_BUTTON" />
172            </intent-filter>
173            -->
174        </service>
175
176        <uses-library
176-->[androidx.window:window:1.0.0-beta04] AndroidManifest.xml:25:9-27:40
177            android:name="androidx.window.extensions"
177-->[androidx.window:window:1.0.0-beta04] AndroidManifest.xml:26:13-54
178            android:required="false" />
178-->[androidx.window:window:1.0.0-beta04] AndroidManifest.xml:27:13-37
179        <uses-library
179-->[androidx.window:window:1.0.0-beta04] AndroidManifest.xml:28:9-30:40
180            android:name="androidx.window.sidecar"
180-->[androidx.window:window:1.0.0-beta04] AndroidManifest.xml:29:13-51
181            android:required="false" />
181-->[androidx.window:window:1.0.0-beta04] AndroidManifest.xml:30:13-37
182
183        <activity
183-->[com.google.firebase:firebase-auth:21.1.0] AndroidManifest.xml:27:9-44:20
184            android:name="com.google.firebase.auth.internal.GenericIdpActivity"
184-->[com.google.firebase:firebase-auth:21.1.0] AndroidManifest.xml:28:13-80
185            android:excludeFromRecents="true"
185-->[com.google.firebase:firebase-auth:21.1.0] AndroidManifest.xml:29:13-46
186            android:exported="true"
186-->[com.google.firebase:firebase-auth:21.1.0] AndroidManifest.xml:30:13-36
187            android:launchMode="singleTask"
187-->[com.google.firebase:firebase-auth:21.1.0] AndroidManifest.xml:31:13-44
188            android:theme="@android:style/Theme.Translucent.NoTitleBar" >
188-->[com.google.firebase:firebase-auth:21.1.0] AndroidManifest.xml:32:13-72
189            <intent-filter>
189-->[com.google.firebase:firebase-auth:21.1.0] AndroidManifest.xml:33:13-43:29
190                <action android:name="android.intent.action.VIEW" />
190-->[com.google.firebase:firebase-auth:21.1.0] AndroidManifest.xml:34:17-69
190-->[com.google.firebase:firebase-auth:21.1.0] AndroidManifest.xml:34:25-66
191
192                <category android:name="android.intent.category.DEFAULT" />
192-->[com.google.firebase:firebase-auth:21.1.0] AndroidManifest.xml:36:17-76
192-->[com.google.firebase:firebase-auth:21.1.0] AndroidManifest.xml:36:27-73
193                <category android:name="android.intent.category.BROWSABLE" />
193-->[com.google.firebase:firebase-auth:21.1.0] AndroidManifest.xml:37:17-78
193-->[com.google.firebase:firebase-auth:21.1.0] AndroidManifest.xml:37:27-75
194
195                <data
195-->[com.google.firebase:firebase-auth:21.1.0] AndroidManifest.xml:39:17-42:51
196                    android:host="firebase.auth"
196-->[com.google.firebase:firebase-auth:21.1.0] AndroidManifest.xml:40:21-49
197                    android:path="/"
197-->[com.google.firebase:firebase-auth:21.1.0] AndroidManifest.xml:41:21-37
198                    android:scheme="genericidp" />
198-->[com.google.firebase:firebase-auth:21.1.0] AndroidManifest.xml:42:21-48
199            </intent-filter>
200        </activity>
201        <activity
201-->[com.google.firebase:firebase-auth:21.1.0] AndroidManifest.xml:45:9-62:20
202            android:name="com.google.firebase.auth.internal.RecaptchaActivity"
202-->[com.google.firebase:firebase-auth:21.1.0] AndroidManifest.xml:46:13-79
203            android:excludeFromRecents="true"
203-->[com.google.firebase:firebase-auth:21.1.0] AndroidManifest.xml:47:13-46
204            android:exported="true"
204-->[com.google.firebase:firebase-auth:21.1.0] AndroidManifest.xml:48:13-36
205            android:launchMode="singleTask"
205-->[com.google.firebase:firebase-auth:21.1.0] AndroidManifest.xml:49:13-44
206            android:theme="@android:style/Theme.Translucent.NoTitleBar" >
206-->[com.google.firebase:firebase-auth:21.1.0] AndroidManifest.xml:50:13-72
207            <intent-filter>
207-->[com.google.firebase:firebase-auth:21.1.0] AndroidManifest.xml:51:13-61:29
208                <action android:name="android.intent.action.VIEW" />
208-->[com.google.firebase:firebase-auth:21.1.0] AndroidManifest.xml:34:17-69
208-->[com.google.firebase:firebase-auth:21.1.0] AndroidManifest.xml:34:25-66
209
210                <category android:name="android.intent.category.DEFAULT" />
210-->[com.google.firebase:firebase-auth:21.1.0] AndroidManifest.xml:36:17-76
210-->[com.google.firebase:firebase-auth:21.1.0] AndroidManifest.xml:36:27-73
211                <category android:name="android.intent.category.BROWSABLE" />
211-->[com.google.firebase:firebase-auth:21.1.0] AndroidManifest.xml:37:17-78
211-->[com.google.firebase:firebase-auth:21.1.0] AndroidManifest.xml:37:27-75
212
213                <data
213-->[com.google.firebase:firebase-auth:21.1.0] AndroidManifest.xml:39:17-42:51
214                    android:host="firebase.auth"
214-->[com.google.firebase:firebase-auth:21.1.0] AndroidManifest.xml:40:21-49
215                    android:path="/"
215-->[com.google.firebase:firebase-auth:21.1.0] AndroidManifest.xml:41:21-37
216                    android:scheme="recaptcha" />
216-->[com.google.firebase:firebase-auth:21.1.0] AndroidManifest.xml:42:21-48
217            </intent-filter>
218        </activity>
219
220        <receiver
220-->[com.google.firebase:firebase-messaging:23.1.0] AndroidManifest.xml:31:9-38:20
221            android:name="com.google.firebase.iid.FirebaseInstanceIdReceiver"
221-->[com.google.firebase:firebase-messaging:23.1.0] AndroidManifest.xml:32:13-78
222            android:exported="true"
222-->[com.google.firebase:firebase-messaging:23.1.0] AndroidManifest.xml:33:13-36
223            android:permission="com.google.android.c2dm.permission.SEND" >
223-->[com.google.firebase:firebase-messaging:23.1.0] AndroidManifest.xml:34:13-73
224            <intent-filter>
224-->[:firebase_messaging] AndroidManifest.xml:32:13-34:29
225                <action android:name="com.google.android.c2dm.intent.RECEIVE" />
225-->[:firebase_messaging] AndroidManifest.xml:33:17-81
225-->[:firebase_messaging] AndroidManifest.xml:33:25-78
226            </intent-filter>
227        </receiver>
228        <!--
229             FirebaseMessagingService performs security checks at runtime,
230             but set to not exported to explicitly avoid allowing another app to call it.
231        -->
232        <service
232-->[com.google.firebase:firebase-messaging:23.1.0] AndroidManifest.xml:44:9-51:19
233            android:name="com.google.firebase.messaging.FirebaseMessagingService"
233-->[com.google.firebase:firebase-messaging:23.1.0] AndroidManifest.xml:45:13-82
234            android:directBootAware="true"
234-->[com.google.firebase:firebase-messaging:23.1.0] AndroidManifest.xml:46:13-43
235            android:exported="false" >
235-->[com.google.firebase:firebase-messaging:23.1.0] AndroidManifest.xml:47:13-37
236            <intent-filter android:priority="-500" >
236-->[:firebase_messaging] AndroidManifest.xml:23:13-25:29
237                <action android:name="com.google.firebase.MESSAGING_EVENT" />
237-->[:firebase_messaging] AndroidManifest.xml:24:17-78
237-->[:firebase_messaging] AndroidManifest.xml:24:25-75
238            </intent-filter>
239        </service>
240
241        <provider
241-->[com.google.firebase:firebase-common:20.2.0] AndroidManifest.xml:25:9-30:39
242            android:name="com.google.firebase.provider.FirebaseInitProvider"
242-->[com.google.firebase:firebase-common:20.2.0] AndroidManifest.xml:26:13-77
243            android:authorities="com.parivahan.driversapp.firebaseinitprovider"
243-->[com.google.firebase:firebase-common:20.2.0] AndroidManifest.xml:27:13-72
244            android:directBootAware="true"
244-->[com.google.firebase:firebase-common:20.2.0] AndroidManifest.xml:28:13-43
245            android:exported="false"
245-->[com.google.firebase:firebase-common:20.2.0] AndroidManifest.xml:29:13-37
246            android:initOrder="100" /> <!-- Needs to be explicitly declared on P+ -->
246-->[com.google.firebase:firebase-common:20.2.0] AndroidManifest.xml:30:13-36
247        <uses-library
247-->[com.google.android.gms:play-services-maps:18.1.0] AndroidManifest.xml:39:9-41:40
248            android:name="org.apache.http.legacy"
248-->[com.google.android.gms:play-services-maps:18.1.0] AndroidManifest.xml:40:13-50
249            android:required="false" />
249-->[com.google.android.gms:play-services-maps:18.1.0] AndroidManifest.xml:41:13-37
250
251        <activity
251-->[com.google.android.gms:play-services-base:18.0.1] AndroidManifest.xml:20:9-22:45
252            android:name="com.google.android.gms.common.api.GoogleApiActivity"
252-->[com.google.android.gms:play-services-base:18.0.1] AndroidManifest.xml:20:19-85
253            android:exported="false"
253-->[com.google.android.gms:play-services-base:18.0.1] AndroidManifest.xml:22:19-43
254            android:theme="@android:style/Theme.Translucent.NoTitleBar" />
254-->[com.google.android.gms:play-services-base:18.0.1] AndroidManifest.xml:21:19-78
255
256        <meta-data
256-->[com.google.android.gms:play-services-basement:18.1.0] AndroidManifest.xml:21:9-23:69
257            android:name="com.google.android.gms.version"
257-->[com.google.android.gms:play-services-basement:18.1.0] AndroidManifest.xml:22:13-58
258            android:value="@integer/google_play_services_version" />
258-->[com.google.android.gms:play-services-basement:18.1.0] AndroidManifest.xml:23:13-66
259
260        <service
260-->[com.google.android.datatransport:transport-backend-cct:3.1.8] AndroidManifest.xml:28:9-34:19
261            android:name="com.google.android.datatransport.runtime.backends.TransportBackendDiscovery"
261-->[com.google.android.datatransport:transport-backend-cct:3.1.8] AndroidManifest.xml:29:13-103
262            android:exported="false" >
262-->[com.google.android.datatransport:transport-backend-cct:3.1.8] AndroidManifest.xml:30:13-37
263            <meta-data
263-->[com.google.android.datatransport:transport-backend-cct:3.1.8] AndroidManifest.xml:31:13-33:39
264                android:name="backend:com.google.android.datatransport.cct.CctBackendFactory"
264-->[com.google.android.datatransport:transport-backend-cct:3.1.8] AndroidManifest.xml:32:17-94
265                android:value="cct" />
265-->[com.google.android.datatransport:transport-backend-cct:3.1.8] AndroidManifest.xml:33:17-36
266        </service>
267        <service
267-->[com.google.android.datatransport:transport-runtime:3.1.8] AndroidManifest.xml:26:9-30:19
268            android:name="com.google.android.datatransport.runtime.scheduling.jobscheduling.JobInfoSchedulerService"
268-->[com.google.android.datatransport:transport-runtime:3.1.8] AndroidManifest.xml:27:13-117
269            android:exported="false"
269-->[com.google.android.datatransport:transport-runtime:3.1.8] AndroidManifest.xml:28:13-37
270            android:permission="android.permission.BIND_JOB_SERVICE" >
270-->[com.google.android.datatransport:transport-runtime:3.1.8] AndroidManifest.xml:29:13-69
271        </service>
272
273        <receiver
273-->[com.google.android.datatransport:transport-runtime:3.1.8] AndroidManifest.xml:32:9-34:40
274            android:name="com.google.android.datatransport.runtime.scheduling.jobscheduling.AlarmManagerSchedulerBroadcastReceiver"
274-->[com.google.android.datatransport:transport-runtime:3.1.8] AndroidManifest.xml:33:13-132
275            android:exported="false" />
275-->[com.google.android.datatransport:transport-runtime:3.1.8] AndroidManifest.xml:34:13-37
276    </application>
277
278</manifest>